<?xml version="1.0" encoding="UTF-8"?>
<!-- Generated by org.testng.reporters.JUnitReportReporter -->
<testsuite hostname="Gattupallis-MacBook-Pro.local" failures="0" tests="1" name="ios.FirstTest" time="56.952" errors="1" timestamp="22 Nov 2023 17:25:30 GMT">
  <testcase classname="ios.FirstTest" name="test" time="56.952">
    <error message="Expected condition failed: waiting for element to be clickable: By.AccessibilityId: Text Output (tried for 30 second(s) with 500 milliseconds interval)" type="org.openqa.selenium.TimeoutException">
      <![CDATA[org.openqa.selenium.TimeoutException: Expected condition failed: waiting for element to be clickable: By.AccessibilityId: Text Output (tried for 30 second(s) with 500 milliseconds interval)
	at org.openqa.selenium.support.ui.WebDriverWait.timeoutException(WebDriverWait.java:95)
	at org.openqa.selenium.support.ui.FluentWait.until(FluentWait.java:272)
	at ios.FirstTest.test(FirstTest.java:26)
	at java.base/jdk.internal.reflect.NativeMethodAccessorImpl.invoke0(Native Method)
	at java.base/jdk.internal.reflect.NativeMethodAccessorImpl.invoke(NativeMethodAccessorImpl.java:77)
	at java.base/jdk.internal.reflect.DelegatingMethodAccessorImpl.invoke(DelegatingMethodAccessorImpl.java:43)
	at java.base/java.lang.reflect.Method.invoke(Method.java:568)
	at org.testng.internal.MethodInvocationHelper.invokeMethod(MethodInvocationHelper.java:86)
	at org.testng.internal.Invoker.invokeMethod(Invoker.java:643)
	at org.testng.internal.Invoker.invokeTestMethod(Invoker.java:820)
	at org.testng.internal.Invoker.invokeTestMethods(Invoker.java:1128)
	at org.testng.internal.TestMethodWorker.invokeTestMethods(TestMethodWorker.java:129)
	at org.testng.internal.TestMethodWorker.run(TestMethodWorker.java:112)
	at org.testng.TestRunner.privateRun(TestRunner.java:782)
	at org.testng.TestRunner.run(TestRunner.java:632)
	at org.testng.SuiteRunner.runTest(SuiteRunner.java:366)
	at org.testng.SuiteRunner.runSequentially(SuiteRunner.java:361)
	at org.testng.SuiteRunner.privateRun(SuiteRunner.java:319)
	at org.testng.SuiteRunner.run(SuiteRunner.java:268)
	at org.testng.SuiteRunnerWorker.runSuite(SuiteRunnerWorker.java:52)
	at org.testng.SuiteRunnerWorker.run(SuiteRunnerWorker.java:86)
	at org.testng.TestNG.runSuitesSequentially(TestNG.java:1244)
	at org.testng.TestNG.runSuitesLocally(TestNG.java:1169)
	at org.testng.TestNG.run(TestNG.java:1064)
	at org.testng.remote.AbstractRemoteTestNG.run(AbstractRemoteTestNG.java:115)
	at org.testng.remote.RemoteTestNG.initAndRun(RemoteTestNG.java:251)
	at org.testng.remote.RemoteTestNG.main(RemoteTestNG.java:77)
Caused by: org.openqa.selenium.NoSuchElementException: An element could not be located on the page using the given search parameters. (WARNING: The server did not provide any stacktrace information)
Command duration or timeout: 0 milliseconds
For documentation on this error, please visit: https://www.seleniumhq.org/exceptions/no_such_element.html
Build info: version: '3.141.59', revision: 'e82be7d358', time: '2018-11-14T08:17:03'
System info: host: 'Gattupallis-MacBook-Pro.local', ip: '2601:441:4980:c0:0:0:0:191b%en0', os.name: 'Mac OS X', os.arch: 'aarch64', os.version: '14.0', java.version: '17.0.9'
Driver info: io.appium.java_client.ios.IOSDriver
Capabilities {64bit: false, acceptSslCert: false, acceptSslCerts: false, automationName: XCUITest, biometricUserOptionAccessible: false, bootstrapPath: /usr/local/.browserstack/co..., browserName: , browserstack.appium_version: 1.17.0, browserstack.isTargetBased: false, browserstack.is_hub_canary: false, browserstack.minOSVersion: 9.0, buildName: browserstack-build-Ios, bundleID: com.browserstack.Sample-iOS, bundleId: com.browserstack.Sample-iOS, capabilities: {64bit: false, acceptSslCert: false, acceptSslCerts: false, automationName: XCUITest, biometricUserOptionAccessible: false, bootstrapPath: /usr/local/.browserstack/co..., browserName: , browserstack.appium_version: 1.17.0, browserstack.isTargetBased: false, browserstack.is_hub_canary: false, browserstack.minOSVersion: 9.0, buildName: browserstack-build-Ios, bundleID: com.browserstack.Sample-iOS, bundleId: com.browserstack.Sample-iOS, custom_replay_kit_params: {"rotation":"false","captur..., databaseEnabled: false, detected_language: selenium/3.141.59 (java mac), device: iphone, deviceName: iPhone 11 Pro, deviceOrientation: PORTRAIT, javascriptEnabled: true, locationContextEnabled: false, mobile: {browser: mobile, version: iPhone 11 Pro-13.2}, networkConnectionEnabled: false, newCommandTimeout: 0, new_bucketing: true, noReset: true, orientation: PORTRAIT, orig_os: ios, osVersion: 13, os_version: 13.0, platform: MAC, platformName: iOS, projectName: First TestNg iOS Project, realMobile: true, safariIgnoreFraudWarning: true, safariInitialUrl: http://mobile-internet-chec..., sessionId: 7484f0f622ef507814f13143c0b..., sessionName: first_test, takesScreenshot: true, udid: 00008030-001064962190802E, uiautomator2ServerLaunchTimeout: 60000, useXctestrunFile: true, version: , waitForQuiescence: false, wdaStartupRetries: 3, wda_port: 8401, webStorageEnabled: false, webkitResponseTimeout: 20000}, custom_replay_kit_params: {"rotation":"false","captur..., databaseEnabled: false, detected_language: selenium/3.141.59 (java mac), device: iphone, deviceName: iPhone 11 Pro, deviceOrientation: PORTRAIT, javascriptEnabled: true, locationContextEnabled: false, mobile: {browser: mobile, version: iPhone 11 Pro-13.2}, networkConnectionEnabled: false, newCommandTimeout: 0, new_bucketing: true, noReset: true, orientation: PORTRAIT, orig_os: ios, osVersion: 13, os_version: 13.0, platform: MAC, platformName: iOS, projectName: First TestNg iOS Project, realMobile: true, safariIgnoreFraudWarning: true, safariInitialUrl: http://mobile-internet-chec..., sessionId: 7484f0f622ef507814f13143c0b..., sessionName: first_test, takesScreenshot: true, udid: 00008030-001064962190802E, uiautomator2ServerLaunchTimeout: 60000, useXctestrunFile: true, version: , waitForQuiescence: false, wdaStartupRetries: 3, wda_port: 8401, webStorageEnabled: false, webkitResponseTimeout: 20000}
Session ID: 7484f0f622ef507814f13143c0b902f7dbe067c2
*** Element info: {Using=accessibility id, value=Text Output}
	at jdk.internal.reflect.GeneratedConstructorAccessor11.newInstance(Unknown Source)
	at java.base/jdk.internal.reflect.DelegatingConstructorAccessorImpl.newInstance(DelegatingConstructorAccessorImpl.java:45)
	at java.base/java.lang.reflect.Constructor.newInstanceWithCaller(Constructor.java:499)
	at java.base/java.lang.reflect.Constructor.newInstance(Constructor.java:480)
	at org.openqa.selenium.remote.ErrorHandler.createThrowable(ErrorHandler.java:214)
	at org.openqa.selenium.remote.ErrorHandler.throwIfResponseFailed(ErrorHandler.java:166)
	at org.openqa.selenium.remote.http.JsonHttpResponseCodec.reconstructValue(JsonHttpResponseCodec.java:40)
	at org.openqa.selenium.remote.http.AbstractHttpResponseCodec.decode(AbstractHttpResponseCodec.java:80)
	at org.openqa.selenium.remote.http.AbstractHttpResponseCodec.decode(AbstractHttpResponseCodec.java:44)
	at org.openqa.selenium.remote.HttpCommandExecutor.execute(HttpCommandExecutor.java:158)
	at io.appium.java_client.remote.AppiumCommandExecutor.execute(AppiumCommandExecutor.java:239)
	at org.openqa.selenium.remote.RemoteWebDriver.execute(RemoteWebDriver.java:552)
	at io.appium.java_client.DefaultGenericMobileDriver.execute(DefaultGenericMobileDriver.java:42)
	at io.appium.java_client.AppiumDriver.execute(AppiumDriver.java:1)
	at io.appium.java_client.ios.IOSDriver.execute(IOSDriver.java:1)
	at org.openqa.selenium.remote.RemoteWebDriver.findElement(RemoteWebDriver.java:323)
	at io.appium.java_client.DefaultGenericMobileDriver.findElement(DefaultGenericMobileDriver.java:62)
	at io.appium.java_client.AppiumDriver.findElement(AppiumDriver.java:1)
	at io.appium.java_client.ios.IOSDriver.findElement(IOSDriver.java:1)
	at io.appium.java_client.FindsByAccessibilityId.findElementByAccessibilityId(FindsByAccessibilityId.java:37)
	at io.appium.java_client.MobileBy$ByAccessibilityId.findElement(MobileBy.java:342)
	at org.openqa.selenium.remote.RemoteWebDriver.findElement(RemoteWebDriver.java:315)
	at io.appium.java_client.DefaultGenericMobileDriver.findElement(DefaultGenericMobileDriver.java:58)
	at io.appium.java_client.AppiumDriver.findElement(AppiumDriver.java:1)
	at io.appium.java_client.ios.IOSDriver.findElement(IOSDriver.java:1)
	at org.openqa.selenium.support.ui.ExpectedConditions$7.apply(ExpectedConditions.java:205)
	at org.openqa.selenium.support.ui.ExpectedConditions$7.apply(ExpectedConditions.java:201)
	at org.openqa.selenium.support.ui.ExpectedConditions$22.apply(ExpectedConditions.java:641)
	at org.openqa.selenium.support.ui.ExpectedConditions$22.apply(ExpectedConditions.java:638)
	at org.openqa.selenium.support.ui.FluentWait.until(FluentWait.java:249)
	... 25 more
]]>
    </error>
  </testcase> <!-- test -->
</testsuite> <!-- ios.FirstTest -->
